android/app/build/intermediates/manifest_merge_blame_file/release/manifest-merger-blame-release-report.txt
1<?xml version="1.0" encoding="utf-8"?>
2<manifest xmlns:android="http://schemas.android.com/apk/res/android"
3    package="com.coinapp"
4    android:versionCode="1004"
5    android:versionName="1.0" >
6
7    <uses-sdk
8        android:minSdkVersion="21"
8-->src/main/AndroidManifest.xml
9        android:targetSdkVersion="30" />
9-->src/main/AndroidManifest.xml
10
11    <uses-permission android:name="android.permission.INTERNET" />
11-->src/main/AndroidManifest.xml:4:5-67
11-->src/main/AndroidManifest.xml:4:22-64
12
13    <application
13-->src/main/AndroidManifest.xml:6:5-33:19
14        android:name="com.coinapp.MainApplication"
14-->src/main/AndroidManifest.xml:7:7-38
15        android:allowBackup="false"
15-->src/main/AndroidManifest.xml:11:7-34
16        android:appComponentFactory="androidx.core.app.CoreComponentFactory"
16-->[androidx.core:core:1.6.0] AndroidManifest.xml:24:18-86
17        android:icon="@mipmap/bootsplash_logo"
17-->src/main/AndroidManifest.xml:9:7-45
18        android:label="@string/app_name"
18-->src/main/AndroidManifest.xml:8:7-39
19        android:roundIcon="@mipmap/bootsplash_logo"
19-->src/main/AndroidManifest.xml:10:7-50
20        android:theme="@style/AppTheme" >
20-->src/main/AndroidManifest.xml:12:7-38
21        <activity
21-->src/main/AndroidManifest.xml:13:7-20:18
22            android:name="com.coinapp.MainActivity"
22-->src/main/AndroidManifest.xml:14:9-37
23            android:configChanges="keyboard|keyboardHidden|orientation|screenSize|uiMode"
23-->src/main/AndroidManifest.xml:16:9-86
24            android:exported="true"
24-->src/main/AndroidManifest.xml:19:9-32
25            android:label="@string/app_name"
25-->src/main/AndroidManifest.xml:15:9-41
26            android:launchMode="singleTask"
26-->src/main/AndroidManifest.xml:17:9-40
27            android:windowSoftInputMode="adjustResize" > <!-- - Add this -->
27-->src/main/AndroidManifest.xml:18:9-51
28        </activity>
29
30        <!-- add the following lines -->
31        <activity
31-->src/main/AndroidManifest.xml:23:5-31:16
32            android:name="com.zoontek.rnbootsplash.RNBootSplashActivity"
32-->src/main/AndroidManifest.xml:24:7-67
33            android:launchMode="singleTask"
33-->src/main/AndroidManifest.xml:26:7-38
34            android:theme="@style/BootTheme" >
34-->src/main/AndroidManifest.xml:25:7-39
35            <intent-filter>
35-->src/main/AndroidManifest.xml:27:7-30:23
36                <action android:name="android.intent.action.MAIN" />
36-->src/main/AndroidManifest.xml:28:9-61
36-->src/main/AndroidManifest.xml:28:17-58
37
38                <category android:name="android.intent.category.LAUNCHER" />
38-->src/main/AndroidManifest.xml:29:9-69
38-->src/main/AndroidManifest.xml:29:19-66
39            </intent-filter>
40        </activity>
41    </application>
42
43</manifest>